100000000000000000000000000000
110000000000000000000000000000
111000000000000000000000000000
111100000000000000000000000000
111110000000000000000000000000
010111000000000000000000000000
101111100000000000000000000000
010111110000000000000000000000
101111111000000000000000000000
010101011100000000000000000000
101010111110000000000000000000
010101011111000000000000000000
101010111111100000000000000000
010101010101110000000000000000
101010101011111000000000000000
010101010101111100000000000000
101010101011111110000000000000
010101010101111111000000000000
101010101011010111100000000000
010101010110101111110000000000
101010101101011010111000000000
010101011010110101111100000000
101010110101101010111110000000
010101101011010101111111000000
101011010110101010111111100000
010110101101010101111111110000
101101011010101010111111111000
011010110101010101111111111100
110101101010101010111111111110
101011010101010101111111111111
