000000000000000000000000000000
000000000000000000000000000000
000000000000000000000000000000
000000000000000000000000000000
000000000000000000000000000000
101000000000000000000000000000
010000000000000000000000000000
101000000000000000000000000000
010000000000000000000000000000
101010100000000000000000000000
010101000000000000000000000000
101010100000000000000000000000
010101000000000000000000000000
101010101010000000000000000000
010101010100000000000000000000
101010101010000000000000000000
010101010100000000000000000000
101010101010000000000000000000
010101010100101000000000000000
101010101001010000000000000000
010101010010100101000000000000
101010100101001010000000000000
010101001010010101000000000000
101010010100101010000000000000
010100101001010101000000000000
101001010010101010000000000000
010010100101010101000000000000
100101001010101010000000000000
001010010101010101000000000000
010100101010101010000000000000
