=5=
0 0
100 0
0 55
<5500>
0 0
100 0
15 65
<6500>
0 55
15 65
0 0
<-825>
0 55
15 65
100 0
<-1825>
1 1 -1 -1
100 0
100 50
0 55
<5000>
100 0
100 50
90 65
<500>
0 55
90 65
100 0
<-5950>
0 55
90 65
100 50
<-1450>
1 1 -1 -1
100 50
40 50
0 55
<-300>
100 50
40 50
92 65
<-900>
0 55
92 65
100 50
<-1460>
0 55
92 65
40 50
<-860>
-1 -1 -1 -1
40 50
40 70
0 55
<800>
40 50
40 70
0 65
<800>
0 55
0 65
40 50
<-400>
0 55
0 65
40 70
<-400>
1 1 -1 -1
40 70
0 70
0 55
<600>
40 70
0 70
0 65
<200>
0 55
0 65
40 70
<-400>
0 55
0 65
0 70
<0>
1 1 -1 0
0 0: 1
0 0
100 0
0 55
<5500>
0 0
100 0
15 10
<1000>
0 55
15 10
0 0
<-825>
0 55
15 10
100 0
<3675>
1 1 -1 1
100 0
100 50
0 55
<5000>
100 0
100 50
90 10
<500>
0 55
90 10
100 0
<-450>
0 55
90 10
100 50
<4050>
1 1 -1 1
100 50
40 50
0 55
<-300>
100 50
40 50
92 10
<2400>
0 55
92 10
100 50
<4040>
0 55
92 10
40 50
<1340>
-1 1 1 1
40 50
40 70
0 55
<800>
40 50
40 70
0 10
<800>
0 55
0 10
40 50
<1800>
0 55
0 10
40 70
<1800>
1 1 1 1
40 70
0 70
0 55
<600>
40 70
0 70
0 10
<2400>
0 55
0 10
40 70
<1800>
0 55
0 10
0 70
<0>
1 1 1 0
0 1: 1
0 0
100 0
0 55
<5500>
0 0
100 0
15 10
<1000>
0 55
15 10
0 0
<-825>
0 55
15 10
100 0
<3675>
1 1 -1 1
100 0
100 50
0 55
<5000>
100 0
100 50
90 10
<500>
0 55
90 10
100 0
<-450>
0 55
90 10
100 50
<4050>
1 1 -1 1
100 50
40 50
0 55
<-300>
100 50
40 50
92 10
<2400>
0 55
92 10
100 50
<4040>
0 55
92 10
40 50
<1340>
-1 1 1 1
40 50
40 70
0 55
<800>
40 50
40 70
0 10
<800>
0 55
0 10
40 50
<1800>
0 55
0 10
40 70
<1800>
1 1 1 1
40 70
0 70
0 55
<600>
40 70
0 70
0 10
<2400>
0 55
0 10
40 70
<1800>
0 55
0 10
0 70
<0>
1 1 1 0
0 2: 1
=2=
0 0
100 0
55 50
<5000>
0 0
100 0
15 65
<6500>
55 50
15 65
0 0
<2825>
55 50
15 65
100 0
<1325>
1 1 1 1
100 0
100 50
55 50
<2250>
100 0
100 50
90 65
<500>
55 50
90 65
100 0
<-2425>
55 50
90 65
100 50
<-675>
1 1 -1 -1
40 50
40 70
55 50
<-300>
40 50
40 70
0 65
<800>
55 50
0 65
40 50
<225>
55 50
0 65
40 70
<-875>
-1 1 1 -1
WTF!
3 1 0
40 50
40 70
55 50
15 65
1 0: 0
0 0
100 0
55 50
<5000>
0 0
100 0
15 10
<1000>
55 50
15 10
0 0
<-200>
55 50
15 10
100 0
<3800>
1 1 -1 1
100 0
100 50
55 50
<2250>
100 0
100 50
90 10
<500>
55 50
90 10
100 0
<50>
55 50
90 10
100 50
<1800>
1 1 1 1
40 50
40 70
55 50
<-300>
40 50
40 70
0 10
<800>
55 50
0 10
40 50
<-600>
55 50
0 10
40 70
<-1700>
-1 1 -1 -1
40 70
0 70
55 50
<800>
40 70
0 70
0 10
<2400>
55 50
0 10
40 70
<-1700>
55 50
0 10
0 70
<-3300>
1 1 -1 -1
0 70
0 0
55 50
<3850>
0 70
0 0
0 10
<0>
55 50
0 10
0 70
<-3300>
55 50
0 10
0 0
<550>
1 0 -1 1
WTF!
5 1 1
0 70
0 0
55 50
90 10
1 1: 0
0 0
100 0
55 50
<5000>
0 0
100 0
15 10
<1000>
55 50
15 10
0 0
<-200>
55 50
15 10
100 0
<3800>
1 1 -1 1
100 0
100 50
55 50
<2250>
100 0
100 50
90 10
<500>
55 50
90 10
100 0
<50>
55 50
90 10
100 50
<1800>
1 1 1 1
40 50
40 70
55 50
<-300>
40 50
40 70
0 10
<800>
55 50
0 10
40 50
<-600>
55 50
0 10
40 70
<-1700>
-1 1 -1 -1
40 70
0 70
55 50
<800>
40 70
0 70
0 10
<2400>
55 50
0 10
40 70
<-1700>
55 50
0 10
0 70
<-3300>
1 1 -1 -1
0 70
0 0
55 50
<3850>
0 70
0 0
0 10
<0>
55 50
0 10
0 70
<-3300>
55 50
0 10
0 0
<550>
1 0 -1 1
WTF!
5 1 2
0 70
0 0
55 50
92 10
1 2: 0
=2=
0 0
100 0
80 50
<5000>
0 0
100 0
15 65
<6500>
80 50
15 65
0 0
<4450>
80 50
15 65
100 0
<2950>
1 1 1 1
100 0
100 50
80 50
<1000>
100 0
100 50
90 65
<500>
80 50
90 65
100 0
<-800>
80 50
90 65
100 50
<-300>
1 1 -1 -1
40 50
40 70
80 50
<-800>
40 50
40 70
0 65
<800>
80 50
0 65
40 50
<600>
80 50
0 65
40 70
<-1000>
-1 1 1 -1
WTF!
3 2 0
40 50
40 70
80 50
15 65
2 0: 0
0 0
100 0
80 50
<5000>
0 0
100 0
15 10
<1000>
80 50
15 10
0 0
<50>
80 50
15 10
100 0
<4050>
1 1 1 1
100 0
100 50
80 50
<1000>
100 0
100 50
90 10
<500>
80 50
90 10
100 0
<300>
80 50
90 10
100 50
<800>
1 1 1 1
40 50
40 70
80 50
<-800>
40 50
40 70
0 10
<800>
80 50
0 10
40 50
<-1600>
80 50
0 10
40 70
<-3200>
-1 1 -1 -1
40 70
0 70
80 50
<800>
40 70
0 70
0 10
<2400>
80 50
0 10
40 70
<-3200>
80 50
0 10
0 70
<-4800>
1 1 -1 -1
0 70
0 0
80 50
<5600>
0 70
0 0
0 10
<0>
80 50
0 10
0 70
<-4800>
80 50
0 10
0 0
<800>
1 0 -1 1
WTF!
5 2 1
0 70
0 0
80 50
90 10
2 1: 0
0 0
100 0
80 50
<5000>
0 0
100 0
15 10
<1000>
80 50
15 10
0 0
<50>
80 50
15 10
100 0
<4050>
1 1 1 1
100 0
100 50
80 50
<1000>
100 0
100 50
90 10
<500>
80 50
90 10
100 0
<300>
80 50
90 10
100 50
<800>
1 1 1 1
40 50
40 70
80 50
<-800>
40 50
40 70
0 10
<800>
80 50
0 10
40 50
<-1600>
80 50
0 10
40 70
<-3200>
-1 1 -1 -1
40 70
0 70
80 50
<800>
40 70
0 70
0 10
<2400>
80 50
0 10
40 70
<-3200>
80 50
0 10
0 70
<-4800>
1 1 -1 -1
0 70
0 0
80 50
<5600>
0 70
0 0
0 10
<0>
80 50
0 10
0 70
<-4800>
80 50
0 10
0 0
<800>
1 0 -1 1
WTF!
5 2 2
0 70
0 0
80 50
92 10
2 2: 0
