\BOOKMARK [1][-]{section.1}{Flows, Matching}{}% 1
\BOOKMARK [2][-]{subsection.1.1}{Hopcroft-Karp Bipartite Matching}{section.1}% 2
\BOOKMARK [2][-]{subsection.1.2}{Dinic's Algorithm}{section.1}% 3
\BOOKMARK [2][-]{subsection.1.3}{Min Cost Max Flow}{section.1}% 4
\BOOKMARK [2][-]{subsection.1.4}{Hell-Joseon style MCMF}{section.1}% 5
\BOOKMARK [2][-]{subsection.1.5}{Circulation Problem}{section.1}% 6
\BOOKMARK [2][-]{subsection.1.6}{Min Cost Circulation}{section.1}% 7
\BOOKMARK [2][-]{subsection.1.7}{Gomory-Hu Tree}{section.1}% 8
\BOOKMARK [2][-]{subsection.1.8}{Blossom Algorithm for General Matching}{section.1}% 9
\BOOKMARK [2][-]{subsection.1.9}{Blossom Algorithm for Weighted General Matching}{section.1}% 10
\BOOKMARK [1][-]{section.2}{Graph}{}% 11
\BOOKMARK [2][-]{subsection.2.1}{2-SAT}{section.2}% 12
\BOOKMARK [2][-]{subsection.2.2}{BCC}{section.2}% 13
\BOOKMARK [2][-]{subsection.2.3}{Splay Tree + Link-Cut Tree}{section.2}% 14
\BOOKMARK [2][-]{subsection.2.4}{Offline Dynamic MST}{section.2}% 15
\BOOKMARK [2][-]{subsection.2.5}{Dominator Tree}{section.2}% 16
\BOOKMARK [2][-]{subsection.2.6}{Global Min-Cut}{section.2}% 17
\BOOKMARK [2][-]{subsection.2.7}{Edmond's Directed MST}{section.2}% 18
\BOOKMARK [2][-]{subsection.2.8}{Vizing's Theorem}{section.2}% 19
\BOOKMARK [1][-]{section.3}{Strings}{}% 20
\BOOKMARK [2][-]{subsection.3.1}{Aho-Corasick Algorithm}{section.3}% 21
\BOOKMARK [2][-]{subsection.3.2}{Suffix Array}{section.3}% 22
\BOOKMARK [2][-]{subsection.3.3}{Manacher's Algorithm}{section.3}% 23
\BOOKMARK [2][-]{subsection.3.4}{eertree}{section.3}% 24
\BOOKMARK [2][-]{subsection.3.5}{Circular LCS}{section.3}% 25
\BOOKMARK [1][-]{section.4}{Geometry}{}% 26
\BOOKMARK [2][-]{subsection.4.1}{Smallest Enclosing Circle / Sphere}{section.4}% 27
\BOOKMARK [2][-]{subsection.4.2}{3D Convex Hull}{section.4}% 28
\BOOKMARK [2][-]{subsection.4.3}{Dynamic Convex Hull Trick}{section.4}% 29
\BOOKMARK [2][-]{subsection.4.4}{Half-plane Intersection}{section.4}% 30
\BOOKMARK [2][-]{subsection.4.5}{Point-in-polygon test / Point-to-polygon tangent}{section.4}% 31
\BOOKMARK [2][-]{subsection.4.6}{kd-tree}{section.4}% 32
\BOOKMARK [1][-]{section.5}{Math}{}% 33
\BOOKMARK [2][-]{subsection.5.1}{FFT / NTT}{section.5}% 34
\BOOKMARK [2][-]{subsection.5.2}{Hell-Joseon style FFT}{section.5}% 35
\BOOKMARK [2][-]{subsection.5.3}{NTT Polynomial Division}{section.5}% 36
\BOOKMARK [2][-]{subsection.5.4}{Berlekamp-Massey, Kitamasa}{section.5}% 37
\BOOKMARK [2][-]{subsection.5.5}{Euclidean Algorithm}{section.5}% 38
\BOOKMARK [2][-]{subsection.5.6}{Gaussian Elimination}{section.5}% 39
\BOOKMARK [2][-]{subsection.5.7}{Simplex Algorithm}{section.5}% 40
\BOOKMARK [2][-]{subsection.5.8}{Range Prime Counting}{section.5}% 41
\BOOKMARK [2][-]{subsection.5.9}{Discrete Kth root}{section.5}% 42
\BOOKMARK [2][-]{subsection.5.10}{Miller-Rabin Test + Pollard Rho Factorization}{section.5}% 43
\BOOKMARK [2][-]{subsection.5.11}{Highly Composite Numbers, Large Prime}{section.5}% 44
\BOOKMARK [1][-]{section.6}{Miscellaneous}{}% 45
\BOOKMARK [2][-]{subsection.6.1}{Mathematics}{section.6}% 46
\BOOKMARK [2][-]{subsection.6.2}{Popular Optimization Technique}{section.6}% 47
\BOOKMARK [2][-]{subsection.6.3}{Bit Twiddling Hack}{section.6}% 48
\BOOKMARK [2][-]{subsection.6.4}{Fast Integer IO}{section.6}% 49
\BOOKMARK [2][-]{subsection.6.5}{OSRank in g++}{section.6}% 50
\BOOKMARK [2][-]{subsection.6.6}{Nasty Stack Hacks}{section.6}% 51
\BOOKMARK [2][-]{subsection.6.7}{C++ / Environment Overview}{section.6}% 52
\BOOKMARK [2][-]{subsection.6.8}{Code Credits}{section.6}% 53
