0 0 0 0 0 1 
0 0 0 0 1 
0 0 0 0 1 0 
0 0 0 0 1 1 
0 0 0 0 2 0 
0 0 0 0 2 1 
0 0 0 0 3 0 
0 0 0 0 3 1 
0 0 0 0 4 0 
0 0 0 0 4 1 
0 0 0 1 
0 0 0 1 0 
0 0 0 1 0 0 
0 0 0 1 1 
0 0 0 1 1 0 
0 0 0 1 1 1 
0 0 0 1 2 0 
0 0 0 1 2 1 
0 0 0 1 3 0 
0 0 0 1 3 1 
0 0 0 2 0 
0 0 0 2 0 0 
0 0 0 2 1 
0 0 0 2 1 0 
0 0 0 2 1 1 
0 0 0 2 2 0 
0 0 0 2 2 1 
0 0 0 2 3 0 
0 0 0 2 3 1 
0 0 0 2 4 0 
0 0 0 2 4 1 
0 0 0 3 0 
0 0 0 3 0 0 
0 0 0 3 1 
0 0 0 3 1 0 
0 0 0 3 1 1 
0 0 0 3 2 0 
0 0 0 3 2 1 
0 0 0 3 3 0 
0 0 0 3 3 1 
0 0 0 3 4 0 
0 0 0 3 4 1 
0 0 0 3 5 0 
0 0 0 3 5 1 
0 0 0 4 0 0 
0 0 0 4 1 0 
0 0 0 4 1 1 
0 0 0 4 2 0 
0 0 0 4 2 1 
0 0 0 4 3 0 
0 0 0 4 3 1 
0 0 0 4 4 0 
0 0 0 4 4 1 
0 0 0 4 5 0 
0 0 0 4 5 1 
0 0 0 5 0 0 
0 0 0 5 1 0 
0 0 0 5 2 0 
0 0 0 5 2 1 
0 0 0 5 3 0 
0 0 0 5 3 1 
0 0 0 5 4 0 
0 0 0 5 5 1 
0 0 0 6 0 0 
0 0 0 6 2 0 
0 0 0 6 3 0 
0 0 0 6 3 1 
0 0 0 6 4 0 
0 0 0 6 4 1 
0 0 0 6 5 0 
0 0 0 6 6 0 
0 0 0 6 6 1 
0 0 0 7 2 1 
0 0 0 7 3 0 
0 0 0 7 5 0 
0 0 0 7 6 1 
0 0 0 9 0 0 
0 0 0 9 3 0 
0 0 0 9 4 0 
0 0 0 9 6 0 
0 0 0 9 7 0 
0 0 0 9 7 1 
0 0 1 
0 0 1 0 
0 0 1 0 0 
0 0 1 0 0 0 
0 0 1 1 
0 0 1 1 0 
0 0 1 1 0 0 
0 0 1 1 1 
0 0 1 1 1 0 
0 0 1 1 2 1 
0 0 1 1 3 1 
0 0 1 2 0 
0 0 1 2 0 0 
0 0 1 2 1 
0 0 1 2 1 0 
0 0 1 2 2 0 
0 0 1 2 2 1 
0 0 1 2 3 1 
0 0 1 3 0 
0 0 1 3 0 0 
0 0 1 3 1 
0 0 1 3 1 0 
0 0 1 3 2 0 
0 0 1 3 2 1 
0 0 1 3 3 1 
0 0 1 3 4 1 
0 0 1 4 0 0 
0 0 1 4 1 0 
0 0 1 4 2 0 
0 0 1 4 2 1 
0 0 1 4 3 0 
0 0 1 4 3 1 
0 0 1 4 4 1 
0 0 1 5 0 0 
0 0 1 5 1 0 
0 0 1 5 2 0 
0 0 1 5 2 1 
0 0 1 5 3 0 
0 0 1 5 3 1 
0 0 1 5 4 0 
0 0 1 5 4 1 
0 0 1 5 5 1 
0 0 1 6 0 0 
0 0 1 6 1 0 
0 0 1 6 2 0 
0 0 1 6 2 1 
0 0 1 6 3 0 
0 0 1 6 3 1 
0 0 1 6 4 0 
0 0 1 6 4 1 
0 0 1 6 5 1 
0 0 1 7 0 0 
0 0 1 7 1 0 
0 0 1 7 3 0 
0 0 1 7 3 1 
0 0 1 7 4 0 
0 0 1 7 5 0 
0 0 1 7 6 1 
0 0 1 8 0 0 
0 0 1 8 3 0 
0 0 1 8 4 0 
0 0 1 8 6 1 
0 0 2 0 
0 0 2 0 0 
0 0 2 0 0 0 
0 0 2 1 
0 0 2 1 0 
0 0 2 1 0 0 
0 0 2 1 4 1 
0 0 2 2 0 
0 0 2 2 0 0 
0 0 2 2 1 
0 0 2 2 2 1 
0 0 2 2 3 1 
0 0 2 3 0 
0 0 2 3 0 0 
0 0 2 3 1 
0 0 2 3 1 0 
0 0 2 3 2 1 
0 0 2 3 3 0 
0 0 2 3 3 1 
0 0 2 3 4 1 
0 0 2 4 0 
0 0 2 4 0 0 
0 0 2 4 1 
0 0 2 4 1 0 
0 0 2 4 2 0 
0 0 2 4 2 1 
0 0 2 4 3 1 
0 0 2 4 4 1 
0 0 2 4 5 1 
0 0 2 5 0 0 
0 0 2 5 1 0 
0 0 2 5 2 0 
0 0 2 5 2 1 
0 0 2 5 3 0 
0 0 2 5 3 1 
0 0 2 5 4 1 
0 0 2 5 5 1 
0 0 2 6 0 0 
0 0 2 6 1 0 
0 0 2 6 2 0 
0 0 2 6 2 1 
0 0 2 6 3 0 
0 0 2 6 3 1 
0 0 2 6 4 0 
0 0 2 6 4 1 
0 0 2 6 5 1 
0 0 2 7 0 0 
0 0 2 7 1 0 
0 0 2 7 2 0 
0 0 2 7 2 1 
0 0 2 7 3 0 
0 0 2 7 3 1 
0 0 2 7 4 0 
0 0 2 7 4 1 
0 0 2 7 5 0 
0 0 2 7 5 1 
0 0 2 7 6 1 
0 0 2 8 0 0 
0 0 2 8 2 1 
0 0 2 8 3 0 
0 0 2 8 3 1 
0 0 2 8 4 0 
0 0 2 8 4 1 
0 0 2 8 5 0 
0 0 2 8 5 1 
0 0 2 8 6 1 
0 0 2 9 3 0 
0 0 2 9 3 1 
0 0 2 9 4 0 
0 0 2 9 6 1 
0 0 2 10 0 0 
0 0 2 10 1 0 
0 0 2 10 3 0 
0 0 2 10 4 0 
0 0 2 10 5 0 
0 0 2 10 6 0 
0 0 2 10 7 1 
0 0 2 11 4 0 
0 0 2 11 5 0 
0 0 2 11 7 1 
0 0 3 0 0 
0 0 3 2 0 
0 0 3 2 0 0 
0 0 3 2 1 
0 0 3 3 0 
0 0 3 3 0 0 
0 0 3 3 1 
0 0 3 3 2 0 
0 0 3 3 3 1 
0 0 3 4 0 0 
0 0 3 4 1 
0 0 3 4 1 0 
0 0 3 4 2 0 
0 0 3 4 3 0 
0 0 3 4 4 1 
0 0 3 5 0 0 
0 0 3 5 1 0 
0 0 3 5 2 0 
0 0 3 5 3 1 
0 0 3 5 4 1 
0 0 3 6 0 0 
0 0 3 6 1 0 
0 0 3 6 2 0 
0 0 3 6 3 1 
0 0 3 6 4 1 
0 0 3 6 5 1 
0 0 3 7 0 0 
0 0 3 7 1 0 
0 0 3 7 2 0 
0 0 3 7 3 1 
0 0 3 7 4 1 
0 0 3 7 5 1 
0 0 3 8 0 0 
0 0 3 8 1 0 
0 0 3 8 3 0 
0 0 3 8 3 1 
0 0 3 8 4 1 
0 0 3 8 5 1 
0 0 3 8 6 1 
0 0 3 9 3 0 
0 0 3 9 3 1 
0 0 3 9 4 0 
0 0 3 9 4 1 
0 0 3 9 5 1 
0 0 3 9 6 1 
0 0 3 10 3 1 
0 0 3 10 4 0 
0 0 3 10 4 1 
0 0 3 11 0 0 
0 0 3 11 4 0 
0 0 3 11 5 0 
0 0 3 11 7 1 
0 0 4 0 0 
0 0 4 0 0 0 
0 0 4 2 0 
0 0 4 2 0 0 
0 0 4 2 4 1 
0 0 4 3 0 
0 0 4 3 0 0 
0 0 4 4 0 
0 0 4 4 0 0 
0 0 4 4 3 1 
0 0 4 5 0 
0 0 4 5 0 0 
0 0 4 5 1 
0 0 4 5 1 0 
0 0 4 5 3 1 
0 0 4 5 4 1 
0 0 4 5 5 1 
0 0 4 6 0 0 
0 0 4 6 1 0 
0 0 4 6 2 0 
0 0 4 6 3 1 
0 0 4 6 4 0 
0 0 4 6 4 1 
0 0 4 7 0 0 
0 0 4 7 1 0 
0 0 4 7 2 0 
0 0 4 7 3 0 
0 0 4 7 3 1 
0 0 4 7 4 1 
0 0 4 7 5 1 
0 0 4 8 0 0 
0 0 4 8 1 0 
0 0 4 8 2 0 
0 0 4 8 2 1 
0 0 4 8 3 0 
0 0 4 8 3 1 
0 0 4 8 4 1 
0 0 4 8 5 1 
0 0 4 8 6 1 
0 0 4 9 0 0 
0 0 4 9 3 0 
0 0 4 9 3 1 
0 0 4 9 4 1 
0 0 4 9 5 0 
0 0 4 9 5 1 
0 0 4 9 6 1 
0 0 4 10 0 0 
0 0 4 10 1 0 
0 0 4 10 3 0 
0 0 4 10 3 1 
0 0 4 10 4 0 
0 0 4 10 4 1 
0 0 4 10 5 1 
0 0 4 10 6 1 
0 0 4 11 0 0 
0 0 4 11 2 1 
0 0 4 11 3 0 
0 0 4 11 4 0 
0 0 4 11 4 1 
0 0 4 11 5 0 
0 0 4 11 5 1 
0 0 4 11 6 0 
0 0 4 11 7 1 
0 0 4 12 3 1 
0 0 4 12 4 0 
0 0 4 12 5 0 
0 0 4 12 7 1 
0 0 4 13 4 1 
0 0 4 13 5 0 
0 0 4 14 0 0 
0 0 4 14 4 0 
0 0 4 14 5 0 
0 0 4 14 6 0 
0 0 4 14 7 0 
0 0 4 14 8 1 
0 0 5 0 0 0 
0 0 5 3 0 
0 0 5 3 0 0 
0 0 5 4 0 0 
0 0 5 5 0 0 
0 0 5 5 1 
0 0 5 5 1 0 
0 0 5 6 0 0 
0 0 5 6 1 0 
0 0 5 6 4 1 
0 0 5 7 0 0 
0 0 5 7 1 0 
0 0 5 7 2 0 
0 0 5 7 3 1 
0 0 5 7 4 1 
0 0 5 7 5 1 
0 0 5 8 0 0 
0 0 5 8 1 0 
0 0 5 8 2 0 
0 0 5 8 3 1 
0 0 5 8 4 1 
0 0 5 8 5 1 
0 0 5 9 2 0 
0 0 5 9 4 0 
0 0 5 9 4 1 
0 0 5 9 5 1 
0 0 5 10 3 0 
0 0 5 10 4 1 
0 0 5 10 5 1 
0 0 5 10 6 1 
0 0 5 11 0 0 
0 0 5 11 3 0 
0 0 5 11 4 1 
0 0 5 11 5 1 
0 0 5 12 4 0 
0 0 5 12 4 1 
0 0 5 12 5 0 
0 0 5 12 5 1 
0 0 5 12 7 1 
0 0 5 13 4 0 
0 0 5 15 5 0 
0 0 5 15 8 1 
0 0 6 0 0 0 
0 0 6 3 0 0 
0 0 6 3 4 1 
0 0 6 4 0 0 
0 0 6 5 0 0 
0 0 6 6 0 0 
0 0 6 6 1 0 
0 0 6 6 4 0 
0 0 6 6 5 1 
0 0 6 7 0 0 
0 0 6 7 1 0 
0 0 6 7 4 1 
0 0 6 8 0 0 
0 0 6 8 1 0 
0 0 6 8 2 0 
0 0 6 8 4 1 
0 0 6 9 2 0 
0 0 6 9 3 1 
0 0 6 9 4 1 
0 0 6 9 5 1 
0 0 6 9 6 1 
0 0 6 10 0 0 
0 0 6 10 3 0 
0 0 6 10 4 1 
0 0 6 10 5 1 
0 0 6 10 6 1 
0 0 6 11 0 0 
0 0 6 11 1 0 
0 0 6 11 3 0 
0 0 6 11 4 1 
0 0 6 11 5 1 
0 0 6 11 6 1 
0 0 6 12 3 0 
0 0 6 12 3 1 
0 0 6 12 4 1 
0 0 6 12 5 1 
0 0 6 12 7 1 
0 0 6 13 4 0 
0 0 6 13 4 1 
0 0 6 13 5 1 
0 0 6 13 6 1 
0 0 6 14 5 0 
0 0 6 14 5 1 
0 0 6 15 4 0 
0 0 6 15 5 0 
0 0 6 15 6 0 
0 0 6 15 8 1 
0 0 7 4 0 0 
0 0 7 5 0 0 
0 0 7 6 0 0 
0 0 7 7 0 0 
0 0 7 7 1 0 
0 0 7 8 0 0 
0 0 7 8 4 1 
0 0 7 9 2 0 
0 0 7 9 5 1 
0 0 7 10 4 1 
0 0 7 10 5 1 
0 0 7 11 0 0 
0 0 7 11 3 0 
0 0 7 11 4 1 
0 0 7 11 6 1 
0 0 7 12 3 0 
0 0 7 12 4 1 
0 0 7 12 5 1 
0 0 7 12 6 1 
0 0 7 13 5 1 
0 0 7 14 4 0 
0 0 7 14 4 1 
0 0 7 14 6 1 
0 0 7 15 5 0 
0 0 7 16 8 1 
0 0 8 0 0 0 
0 0 8 4 0 0 
0 0 8 4 4 1 
0 0 8 5 0 0 
0 0 8 6 0 0 
0 0 8 7 0 0 
0 0 8 7 1 0 
0 0 8 7 5 1 
0 0 8 8 0 0 
0 0 8 9 0 0 
0 0 8 9 1 0 
0 0 8 9 4 1 
0 0 8 10 0 0 
0 0 8 10 2 0 
0 0 8 10 6 1 
0 0 8 11 1 0 
0 0 8 11 4 1 
0 0 8 11 5 1 
0 0 8 11 6 1 
0 0 8 12 3 0 
0 0 8 12 3 1 
0 0 8 12 4 1 
0 0 8 12 6 1 
0 0 8 13 0 0 
0 0 8 13 3 0 
0 0 8 13 4 1 
0 0 8 13 6 1 
0 0 8 14 0 0 
0 0 8 14 4 1 
0 0 8 14 7 1 
0 0 8 15 4 0 
0 0 8 15 5 1 
0 0 8 16 3 1 
0 0 8 16 4 0 
0 0 8 16 6 1 
0 0 8 17 4 1 
0 0 8 17 5 0 
0 0 8 19 0 0 
0 0 8 19 5 0 
0 0 8 19 6 0 
0 0 8 19 7 0 
0 0 8 19 9 1 
0 0 9 11 5 1 
0 0 9 15 5 1 
0 0 10 7 0 0 
0 0 10 8 5 1 
0 0 10 9 1 0 
0 0 10 10 0 0 
0 0 10 11 6 1 
0 0 10 12 5 1 
0 0 10 13 3 0 
0 0 10 14 3 0 
0 0 10 14 4 1 
0 0 10 14 6 1 
0 0 10 15 5 1 
0 0 10 16 4 0 
0 0 10 16 7 1 
0 0 10 17 6 1 
0 0 10 18 5 0 
0 0 10 20 9 1 
0 0 11 16 5 1 
0 0 12 12 6 1 
0 0 12 13 5 1 
0 1 
0 1 1 
0 1 1 0 
0 1 1 3 1 
0 1 2 0 
0 1 2 0 0 
0 1 2 1 
0 1 2 1 0 
0 1 2 4 4 1 
0 1 2 6 4 1 
0 1 2 6 5 1 
0 1 2 7 3 0 
0 1 2 8 6 1 
0 1 3 0 
0 1 3 1 
0 1 3 1 0 
0 1 3 1 0 0 
0 1 3 2 0 
0 1 3 2 0 0 
0 1 3 4 5 1 
0 1 3 5 4 1 
0 1 3 7 4 1 
0 1 3 7 5 1 
0 1 3 7 6 1 
0 1 3 8 5 1 
0 1 3 10 7 1 
0 1 4 0 0 
0 1 4 0 0 0 
0 1 4 2 0 
0 1 4 2 0 0 
0 1 4 3 0 
0 1 4 3 0 0 
0 1 4 3 1 
0 1 4 4 0 0 
0 1 4 4 1 
0 1 4 4 1 0 
0 1 4 9 5 1 
0 1 4 9 6 1 
0 1 4 10 4 1 
0 1 4 10 6 1 
0 1 5 2 0 
0 1 5 2 0 0 
0 1 5 3 0 
0 1 5 3 0 0 
0 1 5 3 1 
0 1 5 4 0 
0 1 5 4 0 0 
0 1 5 4 1 0 
0 1 5 5 0 0 
0 1 5 5 1 
0 1 5 5 1 0 
0 1 5 5 5 1 
0 1 5 6 0 0 
0 1 5 6 1 0 
0 1 5 6 2 0 
0 1 5 6 4 1 
0 1 5 7 2 0 
0 1 5 8 4 1 
0 1 5 8 5 1 
0 1 5 8 6 1 
0 1 5 9 4 1 
0 1 5 10 6 1 
0 1 5 11 7 1 
0 1 6 3 0 
0 1 6 4 0 0 
0 1 6 5 0 0 
0 1 6 5 1 0 
0 1 6 6 0 0 
0 1 6 6 1 0 
0 1 6 7 2 0 
0 1 6 8 2 0 
0 1 6 8 4 1 
0 1 6 9 5 1 
0 1 6 10 3 0 
0 1 6 10 4 1 
0 1 6 10 5 1 
0 1 6 11 6 1 
0 1 7 0 0 
0 1 7 3 0 
0 1 7 3 0 0 
0 1 7 4 0 
0 1 7 4 0 0 
0 1 7 5 0 
0 1 7 5 0 0 
0 1 7 6 0 0 
0 1 7 6 1 
0 1 7 6 1 0 
0 1 7 6 5 1 
0 1 7 7 0 0 
0 1 7 7 1 0 
0 1 7 7 4 1 
0 1 7 8 0 0 
0 1 7 8 1 0 
0 1 7 8 2 0 
0 1 7 8 4 1 
0 1 7 9 2 0 
0 1 7 9 4 0 
0 1 7 9 4 1 
0 1 7 9 5 1 
0 1 7 10 0 0 
0 1 7 10 4 1 
0 1 7 10 5 1 
0 1 7 10 6 1 
0 1 7 11 3 0 
0 1 7 11 5 1 
0 1 7 12 4 0 
0 1 7 12 5 1 
0 1 7 12 6 1 
0 1 7 12 7 1 
0 1 7 13 7 1 
0 1 8 0 0 0 
0 1 8 4 0 0 
0 1 8 5 0 0 
0 1 8 6 0 0 
0 1 8 7 0 0 
0 1 8 7 1 0 
0 1 8 7 4 1 
0 1 8 8 0 0 
0 1 8 8 1 0 
0 1 8 8 4 1 
0 1 8 9 2 0 
0 1 8 10 2 0 
0 1 8 10 4 1 
0 1 8 10 5 1 
0 1 8 11 4 1 
0 1 8 11 6 1 
0 1 8 12 3 0 
0 1 8 12 5 1 
0 1 8 12 6 1 
0 1 8 13 7 1 
0 1 8 14 4 0 
0 1 8 16 8 1 
0 1 9 4 0 0 
0 1 9 5 0 0 
0 1 9 6 0 0 
0 1 9 7 0 0 
0 1 9 7 1 0 
0 1 9 7 5 1 
0 1 9 8 0 0 
0 1 9 8 1 0 
0 1 9 8 4 1 
0 1 9 10 0 0 
0 1 9 10 2 0 
0 1 9 10 5 1 
0 1 9 10 6 1 
0 1 9 11 2 0 
0 1 9 11 4 1 
0 1 9 11 5 1 
0 1 9 12 3 0 
0 1 9 12 4 1 
0 1 9 12 5 1 
0 1 9 12 6 1 
0 1 9 13 3 0 
0 1 9 13 5 1 
0 1 9 13 6 1 
0 1 9 13 7 1 
0 1 9 14 4 0 
0 1 9 14 7 1 
0 1 9 15 5 0 
0 1 9 16 8 1 
0 1 10 6 0 0 
0 1 10 7 0 0 
0 1 10 8 1 0 
0 1 10 9 4 1 
0 1 10 9 5 0 
0 1 10 11 2 0 
0 1 10 11 5 1 
0 1 10 12 4 1 
0 1 10 12 5 1 
0 1 10 12 6 1 
0 1 10 13 3 0 
0 1 10 13 5 1 
0 1 10 14 6 1 
0 1 10 14 7 1 
0 1 10 16 4 0 
0 1 10 20 9 1 
0 1 11 5 0 0 
0 1 11 7 0 0 
0 1 11 8 0 0 
0 1 11 8 1 0 
0 1 11 8 5 1 
0 1 11 9 1 0 
0 1 11 10 0 0 
0 1 11 10 4 1 
0 1 11 11 0 0 
0 1 11 11 1 0 
0 1 11 11 2 0 
0 1 11 11 6 1 
0 1 11 12 2 0 
0 1 11 12 5 1 
0 1 11 13 0 0 
0 1 11 13 5 1 
0 1 11 14 0 0 
0 1 11 14 3 0 
0 1 11 14 4 1 
0 1 11 14 6 1 
0 1 11 14 7 1 
0 1 11 15 5 1 
0 1 11 16 4 0 
0 1 11 16 6 1 
0 1 11 16 7 1 
0 1 11 17 4 0 
0 1 11 17 4 1 
0 1 11 18 5 0 
0 1 11 20 9 1 
0 1 12 7 0 0 
0 1 12 8 0 0 
0 1 12 12 5 1 
0 1 12 13 5 1 
0 1 12 14 3 0 
0 1 12 14 5 1 
0 1 12 14 6 1 
0 1 12 15 6 1 
0 1 12 16 5 1 
0 1 12 17 5 1 
0 1 13 6 0 0 
0 1 13 8 0 0 
0 1 13 9 5 1 
0 1 13 11 0 0 
0 1 13 12 6 1 
0 1 13 13 2 0 
0 1 13 13 5 1 
0 1 13 14 5 1 
0 1 13 15 3 0 
0 1 13 15 6 1 
0 1 13 16 5 1 
0 1 14 13 2 0 
0 1 14 15 6 1 
0 1 15 0 0 0 
0 1 15 7 0 0 
0 1 15 10 0 0 
0 1 15 10 5 1 
0 1 15 12 1 0 
0 1 15 13 0 0 
0 1 15 13 2 0 
0 1 15 13 4 1 
0 1 15 13 6 1 
0 1 15 14 0 0 
0 1 15 15 5 1 
0 1 15 16 3 0 
0 1 15 16 7 1 
0 1 15 17 6 1 
0 1 15 18 4 1 
0 1 15 19 0 0 
0 1 15 19 4 0 
0 1 15 19 5 1 
0 1 15 19 7 1 
0 1 15 19 8 1 
0 1 15 21 5 0 
0 1 15 22 4 1 
0 1 15 22 5 0 
0 1 15 25 10 1 
1 
s.size() = 781, maxv = 25
