PHI(1) = + x^1 -1 
PHI(2) = + x^1 +1 
PHI(3) = + x^2 + x^1 +1 
PHI(4) = + x^2 +1 
PHI(5) = + x^4 + x^3 + x^2 + x^1 +1 
PHI(6) = + x^2 - x^1 +1 
PHI(7) = + x^6 + x^5 + x^4 + x^3 + x^2 + x^1 +1 
PHI(8) = + x^4 +1 
PHI(9) = + x^6 + x^3 +1 
PHI(10) = + x^4 - x^3 + x^2 - x^1 +1 
PHI(11) = + x^10 + x^9 + x^8 + x^7 + x^6 + x^5 + x^4 + x^3 + x^2 + x^1 +1 
PHI(12) = + x^4 - x^2 +1 
PHI(13) = + x^12 + x^11 + x^10 + x^9 + x^8 + x^7 + x^6 + x^5 + x^4 + x^3 + x^2 + x^1 +1 
PHI(14) = + x^6 - x^5 + x^4 - x^3 + x^2 - x^1 +1 
PHI(15) = + x^8 - x^7 + x^5 - x^4 + x^3 - x^1 +1 
PHI(16) = + x^8 +1 
PHI(17) = + x^16 + x^15 + x^14 + x^13 + x^12 + x^11 + x^10 + x^9 + x^8 + x^7 + x^6 + x^5 + x^4 + x^3 + x^2 + x^1 +1 
PHI(18) = + x^6 - x^3 +1 
PHI(19) = + x^18 + x^17 + x^16 + x^15 + x^14 + x^13 + x^12 + x^11 + x^10 + x^9 + x^8 + x^7 + x^6 + x^5 + x^4 + x^3 + x^2 + x^1 +1 
PHI(20) = + x^8 - x^6 + x^4 - x^2 +1 
PHI(21) = + x^12 - x^11 + x^9 - x^8 + x^6 - x^4 + x^3 - x^1 +1 
PHI(22) = + x^10 - x^9 + x^8 - x^7 + x^6 - x^5 + x^4 - x^3 + x^2 - x^1 +1 
PHI(23) = + x^22 + x^21 + x^20 + x^19 + x^18 + x^17 + x^16 + x^15 + x^14 + x^13 + x^12 + x^11 + x^10 + x^9 + x^8 + x^7 + x^6 + x^5 + x^4 + x^3 + x^2 + x^1 +1 
PHI(24) = + x^8 - x^4 +1 
PHI(25) = + x^20 + x^15 + x^10 + x^5 +1 
PHI(26) = + x^12 - x^11 + x^10 - x^9 + x^8 - x^7 + x^6 - x^5 + x^4 - x^3 + x^2 - x^1 +1 
PHI(27) = + x^18 + x^9 +1 
PHI(28) = + x^12 - x^10 + x^8 - x^6 + x^4 - x^2 +1 
PHI(29) = + x^28 + x^27 + x^26 + x^25 + x^24 + x^23 + x^22 + x^21 + x^20 + x^19 + x^18 + x^17 + x^16 + x^15 + x^14 + x^13 + x^12 + x^11 + x^10 + x^9 + x^8 + x^7 + x^6 + x^5 + x^4 + x^3 + x^2 + x^1 +1 
PHI(30) = + x^8 + x^7 - x^5 - x^4 - x^3 + x^1 +1 
PHI(31) = + x^30 + x^29 + x^28 + x^27 + x^26 + x^25 + x^24 + x^23 + x^22 + x^21 + x^20 + x^19 + x^18 + x^17 + x^16 + x^15 + x^14 + x^13 + x^12 + x^11 + x^10 + x^9 + x^8 + x^7 + x^6 + x^5 + x^4 + x^3 + x^2 + x^1 +1 
PHI(32) = + x^16 +1 
PHI(33) = + x^20 - x^19 + x^17 - x^16 + x^14 - x^13 + x^11 - x^10 + x^9 - x^7 + x^6 - x^4 + x^3 - x^1 +1 
PHI(34) = + x^16 - x^15 + x^14 - x^13 + x^12 - x^11 + x^10 - x^9 + x^8 - x^7 + x^6 - x^5 + x^4 - x^3 + x^2 - x^1 +1 
PHI(35) = + x^24 - x^23 + x^19 - x^18 + x^17 - x^16 + x^14 - x^13 + x^12 - x^11 + x^10 - x^8 + x^7 - x^6 + x^5 - x^1 +1 
PHI(36) = + x^12 - x^6 +1 
PHI(37) = + x^36 + x^35 + x^34 + x^33 + x^32 + x^31 + x^30 + x^29 + x^28 + x^27 + x^26 + x^25 + x^24 + x^23 + x^22 + x^21 + x^20 + x^19 + x^18 + x^17 + x^16 + x^15 + x^14 + x^13 + x^12 + x^11 + x^10 + x^9 + x^8 + x^7 + x^6 + x^5 + x^4 + x^3 + x^2 + x^1 +1 
PHI(38) = + x^18 - x^17 + x^16 - x^15 + x^14 - x^13 + x^12 - x^11 + x^10 - x^9 + x^8 - x^7 + x^6 - x^5 + x^4 - x^3 + x^2 - x^1 +1 
PHI(39) = + x^24 - x^23 + x^21 - x^20 + x^18 - x^17 + x^15 - x^14 + x^12 - x^10 + x^9 - x^7 + x^6 - x^4 + x^3 - x^1 +1 
PHI(40) = + x^16 - x^12 + x^8 - x^4 +1 
PHI(41) = + x^40 + x^39 + x^38 + x^37 + x^36 + x^35 + x^34 + x^33 + x^32 + x^31 + x^30 + x^29 + x^28 + x^27 + x^26 + x^25 + x^24 + x^23 + x^22 + x^21 + x^20 + x^19 + x^18 + x^17 + x^16 + x^15 + x^14 + x^13 + x^12 + x^11 + x^10 + x^9 + x^8 + x^7 + x^6 + x^5 + x^4 + x^3 + x^2 + x^1 +1 
PHI(42) = + x^12 + x^11 - x^9 - x^8 + x^6 - x^4 - x^3 + x^1 +1 
PHI(43) = + x^42 + x^41 + x^40 + x^39 + x^38 + x^37 + x^36 + x^35 + x^34 + x^33 + x^32 + x^31 + x^30 + x^29 + x^28 + x^27 + x^26 + x^25 + x^24 + x^23 + x^22 + x^21 + x^20 + x^19 + x^18 + x^17 + x^16 + x^15 + x^14 + x^13 + x^12 + x^11 + x^10 + x^9 + x^8 + x^7 + x^6 + x^5 + x^4 + x^3 + x^2 + x^1 +1 
PHI(44) = + x^20 - x^18 + x^16 - x^14 + x^12 - x^10 + x^8 - x^6 + x^4 - x^2 +1 
PHI(45) = + x^24 - x^21 + x^15 - x^12 + x^9 - x^3 +1 
PHI(46) = + x^22 - x^21 + x^20 - x^19 + x^18 - x^17 + x^16 - x^15 + x^14 - x^13 + x^12 - x^11 + x^10 - x^9 + x^8 - x^7 + x^6 - x^5 + x^4 - x^3 + x^2 - x^1 +1 
PHI(47) = + x^46 + x^45 + x^44 + x^43 + x^42 + x^41 + x^40 + x^39 + x^38 + x^37 + x^36 + x^35 + x^34 + x^33 + x^32 + x^31 + x^30 + x^29 + x^28 + x^27 + x^26 + x^25 + x^24 + x^23 + x^22 + x^21 + x^20 + x^19 + x^18 + x^17 + x^16 + x^15 + x^14 + x^13 + x^12 + x^11 + x^10 + x^9 + x^8 + x^7 + x^6 + x^5 + x^4 + x^3 + x^2 + x^1 +1 
PHI(48) = + x^16 - x^8 +1 
PHI(49) = + x^42 + x^35 + x^28 + x^21 + x^14 + x^7 +1 
PHI(50) = + x^20 - x^15 + x^10 - x^5 +1 
PHI(51) = + x^32 - x^31 + x^29 - x^28 + x^26 - x^25 + x^23 - x^22 + x^20 - x^19 + x^17 - x^16 + x^15 - x^13 + x^12 - x^10 + x^9 - x^7 + x^6 - x^4 + x^3 - x^1 +1 
PHI(52) = + x^24 - x^22 + x^20 - x^18 + x^16 - x^14 + x^12 - x^10 + x^8 - x^6 + x^4 - x^2 +1