100000 100000 100
3820423983
499960322
661925759
3776863974
3436281230
3754461710
9180255038
9924217002
4642430902
9876172792
7979235825
8795426498
1425499232
256753678
7314467657
2540348454
2530411153
3545511864
2496798612
756003938
9839016128
1256491109
9263332345
655912146
6805980117
9218611219
1535945559
1803034702
1796538845
9451210140
3463429388
5607502748
1280457810
6965134613
8693159772
7197233277
9480285952
9508484808
6743213153
1349584497
8525917528
8730344948
7796846352
6750087986
2389497534
6305065537
5982306162
9965307783
7449772197
1244613621
8897063928
6745019239
7084133639
1470366197
3338294669
1203808954
4419484852
1711237691
3703299100
1170480201
7762714170
278900803
7021102929
2265246898
7586460841
2690520433
3327384027
6366137470
1508047926
8872846123
2588861366
4251626971
2994190973
7766195238
750738131
973191852
8561877272
5353804656
6660591289
4924074313
8962226929
9793255197
1470079878
4776695200
6032158198
6144191150
4218446218
4490150449
4949695537
7766496530
596896149
5272717324
1001738600
5426119066
9020684327
5173220516
6777814140
2869590297
6169460369
4454964765
