if head == nil { } else {
s1 = head e1 = nil m1 = s1 t1 = s1 ps1 = nil
loop {
if t1 == nil { break } else { t1 = t1 #next }
m1p = m1
m1 = m1 #next
if t1 == nil { break } else { t1 = t1 #next }
}
if s1 #next == e1 { res1 = s1 }
else
{
    bool1 = nil
    loop {
    if bool1 == nil {
        s2 = m1
        e2 = e1
        ps2 = m1p
    }
    else
    {
        s2 = s1
        e2 = m1
        ps2 = ps1
    }
    m2 = s2
    t2 = s2
    
    loop {
        if t2 == nil { break } else { t2 = t2 #next }
        m2p = m2
        m2 = m2 #next
        if t2 == nil { break } else { t2 = t2 #next }
    }
if s2 #next == e2 { res2 = s2 }
else
{
    bool2 = nil
    loop {
    if bool2 == nil {
        s3 = m2
        e3 = e2
        ps3 = m2p
    }
    else
    {
        s3 = s2
        e3 = m2
        ps3 = ps2
    }
    m3 = s3
    t3 = s3
    
    loop {
        if t3 == nil { break } else { t3 = t3 #next }
        m3p = m3
        m3 = m3 #next
        if t3 == nil { break } else { t3 = t3 #next }
    }
if s3 #next == e3 { res3 = s3 }
else
{
    bool3 = nil
    loop {
    if bool3 == nil {
        s4 = m3
        e4 = e3
        ps4 = m3p
    }
    else
    {
        s4 = s3
        e4 = m3
        ps4 = ps3
    }
    m4 = s4
    t4 = s4
    
    loop {
        if t4 == nil { break } else { t4 = t4 #next }
        m4p = m4
        m4 = m4 #next
        if t4 == nil { break } else { t4 = t4 #next }
    }
if s4 #next == e4 { res4 = s4 }
else
{
    bool4 = nil
    loop {
    if bool4 == nil {
        s5 = m4
        e5 = e4
        ps5 = m4p
    }
    else
    {
        s5 = s4
        e5 = m4
        ps5 = ps4
    }
    m5 = s5
    t5 = s5
    
    loop {
        if t5 == nil { break } else { t5 = t5 #next }
        m5p = m5
        m5 = m5 #next
        if t5 == nil { break } else { t5 = t5 #next }
    }
if s5 #next == e5 { res5 = s5 }
else
{
    bool5 = nil
    loop {
    if bool5 == nil {
        s6 = m5
        e6 = e5
        ps6 = m5p
    }
    else
    {
        s6 = s5
        e6 = m5
        ps6 = ps5
    }
    m6 = s6
    t6 = s6
    
    loop {
        if t6 == nil { break } else { t6 = t6 #next }
        m6p = m6
        m6 = m6 #next
        if t6 == nil { break } else { t6 = t6 #next }
    }
if s6 #next == e6 { res6 = s6 }
else
{
    bool6 = nil
    loop {
    if bool6 == nil {
        s7 = m6
        e7 = e6
        ps7 = m6p
    }
    else
    {
        s7 = s6
        e7 = m6
        ps7 = ps6
    }
    m7 = s7
    t7 = s7
    
    loop {
        if t7 == nil { break } else { t7 = t7 #next }
        m7p = m7
        m7 = m7 #next
        if t7 == nil { break } else { t7 = t7 #next }
    }
if s7 #next == e7 { res7 = s7 }
else
{
    bool7 = nil
    loop {
    if bool7 == nil {
        s8 = m7
        e8 = e7
        ps8 = m7p
    }
    else
    {
        s8 = s7
        e8 = m7
        ps8 = ps7
    }
    m8 = s8
    t8 = s8
    
    loop {
        if t8 == nil { break } else { t8 = t8 #next }
        m8p = m8
        m8 = m8 #next
        if t8 == nil { break } else { t8 = t8 #next }
    }
if s8 #next == e8 { res8 = s8 }
else
{
    bool8 = nil
    loop {
    if bool8 == nil {
        s9 = m8
        e9 = e8
        ps9 = m8p
    }
    else
    {
        s9 = s8
        e9 = m8
        ps9 = ps8
    }
    m9 = s9
    t9 = s9
    
    loop {
        if t9 == nil { break } else { t9 = t9 #next }
        m9p = m9
        m9 = m9 #next
        if t9 == nil { break } else { t9 = t9 #next }
    }
if s9 #next == e9 { res9 = s9 }
else
{
    bool9 = nil
    loop {
    if bool9 == nil {
        s10 = m9
        e10 = e9
        ps10 = m9p
    }
    else
    {
        s10 = s9
        e10 = m9
        ps10 = ps9
    }
    m10 = s10
    t10 = s10
    
    loop {
        if t10 == nil { break } else { t10 = t10 #next }
        m10p = m10
        m10 = m10 #next
        if t10 == nil { break } else { t10 = t10 #next }
    }
if s10 #next == e10 { res10 = s10 }
else
{
    bool10 = nil
    loop {
    if bool10 == nil {
        s11 = m10
        e11 = e10
        ps11 = m10p
    }
    else
    {
        s11 = s10
        e11 = m10
        ps11 = ps10
    }
    m11 = s11
    t11 = s11
    
    loop {
        if t11 == nil { break } else { t11 = t11 #next }
        m11p = m11
        m11 = m11 #next
        if t11 == nil { break } else { t11 = t11 #next }
    }
if s11 #next == e11 { res11 = s11 }
else
{
    bool11 = nil
    loop {
    if bool11 == nil {
        s12 = m11
        e12 = e11
        ps12 = m11p
    }
    else
    {
        s12 = s11
        e12 = m11
        ps12 = ps11
    }
    m12 = s12
    t12 = s12
    
    loop {
        if t12 == nil { break } else { t12 = t12 #next }
        m12p = m12
        m12 = m12 #next
        if t12 == nil { break } else { t12 = t12 #next }
    }
if s12 #next == e12 { res12 = s12 }
else
{
    bool12 = nil
    loop {
    if bool12 == nil {
        s13 = m12
        e13 = e12
        ps13 = m12p
    }
    else
    {
        s13 = s12
        e13 = m12
        ps13 = ps12
    }
    m13 = s13
    t13 = s13
    
    loop {
        if t13 == nil { break } else { t13 = t13 #next }
        m13p = m13
        m13 = m13 #next
        if t13 == nil { break } else { t13 = t13 #next }
    }
if s13 #next == e13 { res13 = s13 }
else
{
    bool13 = nil
    loop {
    if bool13 == nil {
        s14 = m13
        e14 = e13
        ps14 = m13p
    }
    else
    {
        s14 = s13
        e14 = m13
        ps14 = ps13
    }
    m14 = s14
    t14 = s14
    
    loop {
        if t14 == nil { break } else { t14 = t14 #next }
        m14p = m14
        m14 = m14 #next
        if t14 == nil { break } else { t14 = t14 #next }
    }
if s14 #next == e14 { res14 = s14 }
else
{
    bool14 = nil
    loop {
    if bool14 == nil {
        s15 = m14
        e15 = e14
        ps15 = m14p
    }
    else
    {
        s15 = s14
        e15 = m14
        ps15 = ps14
    }
    m15 = s15
    t15 = s15
    
    loop {
        if t15 == nil { break } else { t15 = t15 #next }
        m15p = m15
        m15 = m15 #next
        if t15 == nil { break } else { t15 = t15 #next }
    }
if s15 #next == e15 { res15 = s15 }
else
{
    bool15 = nil
    loop {
    if bool15 == nil {
        s16 = m15
        e16 = e15
        ps16 = m15p
    }
    else
    {
        s16 = s15
        e16 = m15
        ps16 = ps15
    }
    m16 = s16
    t16 = s16
    
    loop {
        if t16 == nil { break } else { t16 = t16 #next }
        m16p = m16
        m16 = m16 #next
        if t16 == nil { break } else { t16 = t16 #next }
    }
if s16 #next == e16 { res16 = s16 }
else
{
    bool16 = nil
    loop {
    if bool16 == nil {
        s17 = m16
        e17 = e16
        ps17 = m16p
    }
    else
    {
        s17 = s16
        e17 = m16
        ps17 = ps16
    }
    m17 = s17
    t17 = s17
    
    loop {
        if t17 == nil { break } else { t17 = t17 #next }
        m17p = m17
        m17 = m17 #next
        if t17 == nil { break } else { t17 = t17 #next }
    }
if s17 #next == e17 { res17 = s17 }
else
{
    bool17 = nil
    loop {
    if bool17 == nil {
        s18 = m17
        e18 = e17
        ps18 = m17p
    }
    else
    {
        s18 = s17
        e18 = m17
        ps18 = ps17
    }
    m18 = s18
    t18 = s18
    
    loop {
        if t18 == nil { break } else { t18 = t18 #next }
        m18p = m18
        m18 = m18 #next
        if t18 == nil { break } else { t18 = t18 #next }
    }
if s18 #next == e18 { res18 = s18 }
else
{
    bool18 = nil
    loop {
    if bool18 == nil {
        s19 = m18
        e19 = e18
        ps19 = m18p
    }
    else
    {
        s19 = s18
        e19 = m18
        ps19 = ps18
    }
    m19 = s19
    t19 = s19
    
    loop {
        if t19 == nil { break } else { t19 = t19 #next }
        m19p = m19
        m19 = m19 #next
        if t19 == nil { break } else { t19 = t19 #next }
    }
if s19 #next == e19 { res19 = s19 }
else
{
    bool19 = nil
    loop {
    if bool19 == nil {
        s20 = m19
        e20 = e19
        ps20 = m19p
    }
    else
    {
        s20 = s19
        e20 = m19
        ps20 = ps19
    }
    m20 = s20
    t20 = s20
    
    loop {
        if t20 == nil { break } else { t20 = t20 #next }
        m20p = m20
        m20 = m20 #next
        if t20 == nil { break } else { t20 = t20 #next }
    }
if s20 #next == e20 { res20 = s20 }
else
{
    bool20 = nil
    loop {
    if bool20 == nil {
        s21 = m20
        e21 = e20
        ps21 = m20p
    }
    else
    {
        s21 = s20
        e21 = m20
        ps21 = ps20
    }
    m21 = s21
    t21 = s21
    
    loop {
        if t21 == nil { break } else { t21 = t21 #next }
        m21p = m21
        m21 = m21 #next
        if t21 == nil { break } else { t21 = t21 #next }
    }
if s21 #next == e21 { res21 = s21 }
else
{
    bool21 = nil
    loop {
    if bool21 == nil {
        s22 = m21
        e22 = e21
        ps22 = m21p
    }
    else
    {
        s22 = s21
        e22 = m21
        ps22 = ps21
    }
    m22 = s22
    t22 = s22
    
    loop {
        if t22 == nil { break } else { t22 = t22 #next }
        m22p = m22
        m22 = m22 #next
        if t22 == nil { break } else { t22 = t22 #next }
    }
if s22 #next == e22 { res22 = s22 }
else
{
    bool22 = nil
    loop {
    if bool22 == nil {
        s23 = m22
        e23 = e22
        ps23 = m22p
    }
    else
    {
        s23 = s22
        e23 = m22
        ps23 = ps22
    }
    m23 = s23
    t23 = s23
    
    loop {
        if t23 == nil { break } else { t23 = t23 #next }
        m23p = m23
        m23 = m23 #next
        if t23 == nil { break } else { t23 = t23 #next }
    }
if s23 #next == e23 { res23 = s23 }
else
{
    bool23 = nil
    loop {
    if bool23 == nil {
        s24 = m23
        e24 = e23
        ps24 = m23p
    }
    else
    {
        s24 = s23
        e24 = m23
        ps24 = ps23
    }
    m24 = s24
    t24 = s24
    
    loop {
        if t24 == nil { break } else { t24 = t24 #next }
        m24p = m24
        m24 = m24 #next
        if t24 == nil { break } else { t24 = t24 #next }
    }
if s24 #next == e24 { res24 = s24 }
else
{
    bool24 = nil
    loop {
    if bool24 == nil {
        s25 = m24
        e25 = e24
        ps25 = m24p
    }
    else
    {
        s25 = s24
        e25 = m24
        ps25 = ps24
    }
    m25 = s25
    t25 = s25
    
    loop {
        if t25 == nil { break } else { t25 = t25 #next }
        m25p = m25
        m25 = m25 #next
        if t25 == nil { break } else { t25 = t25 #next }
    }
if s25 #next == e25 { res25 = s25 }
else
{
    bool25 = nil
    loop {
    if bool25 == nil {
        s26 = m25
        e26 = e25
        ps26 = m25p
    }
    else
    {
        s26 = s25
        e26 = m25
        ps26 = ps25
    }
    m26 = s26
    t26 = s26
    
    loop {
        if t26 == nil { break } else { t26 = t26 #next }
        m26p = m26
        m26 = m26 #next
        if t26 == nil { break } else { t26 = t26 #next }
    }
if s26 #next == e26 { res26 = s26 }
else
{
    bool26 = nil
    loop {
    if bool26 == nil {
        s27 = m26
        e27 = e26
        ps27 = m26p
    }
    else
    {
        s27 = s26
        e27 = m26
        ps27 = ps26
    }
    m27 = s27
    t27 = s27
    
    loop {
        if t27 == nil { break } else { t27 = t27 #next }
        m27p = m27
        m27 = m27 #next
        if t27 == nil { break } else { t27 = t27 #next }
    }
if s27 #next == e27 { res27 = s27 }
else
{
    bool27 = nil
    loop {
    if bool27 == nil {
        s28 = m27
        e28 = e27
        ps28 = m27p
    }
    else
    {
        s28 = s27
        e28 = m27
        ps28 = ps27
    }
    m28 = s28
    t28 = s28
    
    loop {
        if t28 == nil { break } else { t28 = t28 #next }
        m28p = m28
        m28 = m28 #next
        if t28 == nil { break } else { t28 = t28 #next }
    }
if s28 #next == e28 { res28 = s28 }
else
{
    bool28 = nil
    loop {
    if bool28 == nil {
        s29 = m28
        e29 = e28
        ps29 = m28p
    }
    else
    {
        s29 = s28
        e29 = m28
        ps29 = ps28
    }
    m29 = s29
    t29 = s29
    
    loop {
        if t29 == nil { break } else { t29 = t29 #next }
        m29p = m29
        m29 = m29 #next
        if t29 == nil { break } else { t29 = t29 #next }
    }
if s29 #next == e29 { res29 = s29 }
else
{
    bool29 = nil
    loop {
    if bool29 == nil {
        s30 = m29
        e30 = e29
        ps30 = m29p
    }
    else
    {
        s30 = s29
        e30 = m29
        ps30 = ps29
    }
    m30 = s30
    t30 = s30
    
    loop {
        if t30 == nil { break } else { t30 = t30 #next }
        m30p = m30
        m30 = m30 #next
        if t30 == nil { break } else { t30 = t30 #next }
    }
if ps30 == nil { } else { ps30 #next = res30 }
if bool29 == nil { bool29 = head } else { break }
}

tmp29 = m29
if m29 #value < s29 #value {
    res29 = m29
    m29 = m29 #next
}
else {
    res29 = s29
    s29 = s29 #next
}
cur29 = res29
loop {
    if s29 == tmp29 {
        if m29 == e29 { break } else
        {     
            cur29 #next = m29
            m29 = m29 #next
        }
    }
    else
    {
        if m29 == e29
        {
            cur29 #next = s29
            s29 = s29 #next
        }
        else
        {
            if m29 #value < s29 #value
            {
                cur29 #next = m29
                m29 = m29 #next
            }
            else
            {
                cur29 #next = s29
                s29 = s29 #next
            }
        }
    }
}
cur29 #next = e29
}
if ps29 == nil { } else { ps29 #next = res29 }
if bool28 == nil { bool28 = head } else { break }
}

tmp28 = m28
if m28 #value < s28 #value {
    res28 = m28
    m28 = m28 #next
}
else {
    res28 = s28
    s28 = s28 #next
}
cur28 = res28
loop {
    if s28 == tmp28 {
        if m28 == e28 { break } else
        {     
            cur28 #next = m28
            m28 = m28 #next
        }
    }
    else
    {
        if m28 == e28
        {
            cur28 #next = s28
            s28 = s28 #next
        }
        else
        {
            if m28 #value < s28 #value
            {
                cur28 #next = m28
                m28 = m28 #next
            }
            else
            {
                cur28 #next = s28
                s28 = s28 #next
            }
        }
    }
}
cur28 #next = e28
}
if ps28 == nil { } else { ps28 #next = res28 }
if bool27 == nil { bool27 = head } else { break }
}

tmp27 = m27
if m27 #value < s27 #value {
    res27 = m27
    m27 = m27 #next
}
else {
    res27 = s27
    s27 = s27 #next
}
cur27 = res27
loop {
    if s27 == tmp27 {
        if m27 == e27 { break } else
        {     
            cur27 #next = m27
            m27 = m27 #next
        }
    }
    else
    {
        if m27 == e27
        {
            cur27 #next = s27
            s27 = s27 #next
        }
        else
        {
            if m27 #value < s27 #value
            {
                cur27 #next = m27
                m27 = m27 #next
            }
            else
            {
                cur27 #next = s27
                s27 = s27 #next
            }
        }
    }
}
cur27 #next = e27
}
if ps27 == nil { } else { ps27 #next = res27 }
if bool26 == nil { bool26 = head } else { break }
}

tmp26 = m26
if m26 #value < s26 #value {
    res26 = m26
    m26 = m26 #next
}
else {
    res26 = s26
    s26 = s26 #next
}
cur26 = res26
loop {
    if s26 == tmp26 {
        if m26 == e26 { break } else
        {     
            cur26 #next = m26
            m26 = m26 #next
        }
    }
    else
    {
        if m26 == e26
        {
            cur26 #next = s26
            s26 = s26 #next
        }
        else
        {
            if m26 #value < s26 #value
            {
                cur26 #next = m26
                m26 = m26 #next
            }
            else
            {
                cur26 #next = s26
                s26 = s26 #next
            }
        }
    }
}
cur26 #next = e26
}
if ps26 == nil { } else { ps26 #next = res26 }
if bool25 == nil { bool25 = head } else { break }
}

tmp25 = m25
if m25 #value < s25 #value {
    res25 = m25
    m25 = m25 #next
}
else {
    res25 = s25
    s25 = s25 #next
}
cur25 = res25
loop {
    if s25 == tmp25 {
        if m25 == e25 { break } else
        {     
            cur25 #next = m25
            m25 = m25 #next
        }
    }
    else
    {
        if m25 == e25
        {
            cur25 #next = s25
            s25 = s25 #next
        }
        else
        {
            if m25 #value < s25 #value
            {
                cur25 #next = m25
                m25 = m25 #next
            }
            else
            {
                cur25 #next = s25
                s25 = s25 #next
            }
        }
    }
}
cur25 #next = e25
}
if ps25 == nil { } else { ps25 #next = res25 }
if bool24 == nil { bool24 = head } else { break }
}

tmp24 = m24
if m24 #value < s24 #value {
    res24 = m24
    m24 = m24 #next
}
else {
    res24 = s24
    s24 = s24 #next
}
cur24 = res24
loop {
    if s24 == tmp24 {
        if m24 == e24 { break } else
        {     
            cur24 #next = m24
            m24 = m24 #next
        }
    }
    else
    {
        if m24 == e24
        {
            cur24 #next = s24
            s24 = s24 #next
        }
        else
        {
            if m24 #value < s24 #value
            {
                cur24 #next = m24
                m24 = m24 #next
            }
            else
            {
                cur24 #next = s24
                s24 = s24 #next
            }
        }
    }
}
cur24 #next = e24
}
if ps24 == nil { } else { ps24 #next = res24 }
if bool23 == nil { bool23 = head } else { break }
}

tmp23 = m23
if m23 #value < s23 #value {
    res23 = m23
    m23 = m23 #next
}
else {
    res23 = s23
    s23 = s23 #next
}
cur23 = res23
loop {
    if s23 == tmp23 {
        if m23 == e23 { break } else
        {     
            cur23 #next = m23
            m23 = m23 #next
        }
    }
    else
    {
        if m23 == e23
        {
            cur23 #next = s23
            s23 = s23 #next
        }
        else
        {
            if m23 #value < s23 #value
            {
                cur23 #next = m23
                m23 = m23 #next
            }
            else
            {
                cur23 #next = s23
                s23 = s23 #next
            }
        }
    }
}
cur23 #next = e23
}
if ps23 == nil { } else { ps23 #next = res23 }
if bool22 == nil { bool22 = head } else { break }
}

tmp22 = m22
if m22 #value < s22 #value {
    res22 = m22
    m22 = m22 #next
}
else {
    res22 = s22
    s22 = s22 #next
}
cur22 = res22
loop {
    if s22 == tmp22 {
        if m22 == e22 { break } else
        {     
            cur22 #next = m22
            m22 = m22 #next
        }
    }
    else
    {
        if m22 == e22
        {
            cur22 #next = s22
            s22 = s22 #next
        }
        else
        {
            if m22 #value < s22 #value
            {
                cur22 #next = m22
                m22 = m22 #next
            }
            else
            {
                cur22 #next = s22
                s22 = s22 #next
            }
        }
    }
}
cur22 #next = e22
}
if ps22 == nil { } else { ps22 #next = res22 }
if bool21 == nil { bool21 = head } else { break }
}

tmp21 = m21
if m21 #value < s21 #value {
    res21 = m21
    m21 = m21 #next
}
else {
    res21 = s21
    s21 = s21 #next
}
cur21 = res21
loop {
    if s21 == tmp21 {
        if m21 == e21 { break } else
        {     
            cur21 #next = m21
            m21 = m21 #next
        }
    }
    else
    {
        if m21 == e21
        {
            cur21 #next = s21
            s21 = s21 #next
        }
        else
        {
            if m21 #value < s21 #value
            {
                cur21 #next = m21
                m21 = m21 #next
            }
            else
            {
                cur21 #next = s21
                s21 = s21 #next
            }
        }
    }
}
cur21 #next = e21
}
if ps21 == nil { } else { ps21 #next = res21 }
if bool20 == nil { bool20 = head } else { break }
}

tmp20 = m20
if m20 #value < s20 #value {
    res20 = m20
    m20 = m20 #next
}
else {
    res20 = s20
    s20 = s20 #next
}
cur20 = res20
loop {
    if s20 == tmp20 {
        if m20 == e20 { break } else
        {     
            cur20 #next = m20
            m20 = m20 #next
        }
    }
    else
    {
        if m20 == e20
        {
            cur20 #next = s20
            s20 = s20 #next
        }
        else
        {
            if m20 #value < s20 #value
            {
                cur20 #next = m20
                m20 = m20 #next
            }
            else
            {
                cur20 #next = s20
                s20 = s20 #next
            }
        }
    }
}
cur20 #next = e20
}
if ps20 == nil { } else { ps20 #next = res20 }
if bool19 == nil { bool19 = head } else { break }
}

tmp19 = m19
if m19 #value < s19 #value {
    res19 = m19
    m19 = m19 #next
}
else {
    res19 = s19
    s19 = s19 #next
}
cur19 = res19
loop {
    if s19 == tmp19 {
        if m19 == e19 { break } else
        {     
            cur19 #next = m19
            m19 = m19 #next
        }
    }
    else
    {
        if m19 == e19
        {
            cur19 #next = s19
            s19 = s19 #next
        }
        else
        {
            if m19 #value < s19 #value
            {
                cur19 #next = m19
                m19 = m19 #next
            }
            else
            {
                cur19 #next = s19
                s19 = s19 #next
            }
        }
    }
}
cur19 #next = e19
}
if ps19 == nil { } else { ps19 #next = res19 }
if bool18 == nil { bool18 = head } else { break }
}

tmp18 = m18
if m18 #value < s18 #value {
    res18 = m18
    m18 = m18 #next
}
else {
    res18 = s18
    s18 = s18 #next
}
cur18 = res18
loop {
    if s18 == tmp18 {
        if m18 == e18 { break } else
        {     
            cur18 #next = m18
            m18 = m18 #next
        }
    }
    else
    {
        if m18 == e18
        {
            cur18 #next = s18
            s18 = s18 #next
        }
        else
        {
            if m18 #value < s18 #value
            {
                cur18 #next = m18
                m18 = m18 #next
            }
            else
            {
                cur18 #next = s18
                s18 = s18 #next
            }
        }
    }
}
cur18 #next = e18
}
if ps18 == nil { } else { ps18 #next = res18 }
if bool17 == nil { bool17 = head } else { break }
}

tmp17 = m17
if m17 #value < s17 #value {
    res17 = m17
    m17 = m17 #next
}
else {
    res17 = s17
    s17 = s17 #next
}
cur17 = res17
loop {
    if s17 == tmp17 {
        if m17 == e17 { break } else
        {     
            cur17 #next = m17
            m17 = m17 #next
        }
    }
    else
    {
        if m17 == e17
        {
            cur17 #next = s17
            s17 = s17 #next
        }
        else
        {
            if m17 #value < s17 #value
            {
                cur17 #next = m17
                m17 = m17 #next
            }
            else
            {
                cur17 #next = s17
                s17 = s17 #next
            }
        }
    }
}
cur17 #next = e17
}
if ps17 == nil { } else { ps17 #next = res17 }
if bool16 == nil { bool16 = head } else { break }
}

tmp16 = m16
if m16 #value < s16 #value {
    res16 = m16
    m16 = m16 #next
}
else {
    res16 = s16
    s16 = s16 #next
}
cur16 = res16
loop {
    if s16 == tmp16 {
        if m16 == e16 { break } else
        {     
            cur16 #next = m16
            m16 = m16 #next
        }
    }
    else
    {
        if m16 == e16
        {
            cur16 #next = s16
            s16 = s16 #next
        }
        else
        {
            if m16 #value < s16 #value
            {
                cur16 #next = m16
                m16 = m16 #next
            }
            else
            {
                cur16 #next = s16
                s16 = s16 #next
            }
        }
    }
}
cur16 #next = e16
}
if ps16 == nil { } else { ps16 #next = res16 }
if bool15 == nil { bool15 = head } else { break }
}

tmp15 = m15
if m15 #value < s15 #value {
    res15 = m15
    m15 = m15 #next
}
else {
    res15 = s15
    s15 = s15 #next
}
cur15 = res15
loop {
    if s15 == tmp15 {
        if m15 == e15 { break } else
        {     
            cur15 #next = m15
            m15 = m15 #next
        }
    }
    else
    {
        if m15 == e15
        {
            cur15 #next = s15
            s15 = s15 #next
        }
        else
        {
            if m15 #value < s15 #value
            {
                cur15 #next = m15
                m15 = m15 #next
            }
            else
            {
                cur15 #next = s15
                s15 = s15 #next
            }
        }
    }
}
cur15 #next = e15
}
if ps15 == nil { } else { ps15 #next = res15 }
if bool14 == nil { bool14 = head } else { break }
}

tmp14 = m14
if m14 #value < s14 #value {
    res14 = m14
    m14 = m14 #next
}
else {
    res14 = s14
    s14 = s14 #next
}
cur14 = res14
loop {
    if s14 == tmp14 {
        if m14 == e14 { break } else
        {     
            cur14 #next = m14
            m14 = m14 #next
        }
    }
    else
    {
        if m14 == e14
        {
            cur14 #next = s14
            s14 = s14 #next
        }
        else
        {
            if m14 #value < s14 #value
            {
                cur14 #next = m14
                m14 = m14 #next
            }
            else
            {
                cur14 #next = s14
                s14 = s14 #next
            }
        }
    }
}
cur14 #next = e14
}
if ps14 == nil { } else { ps14 #next = res14 }
if bool13 == nil { bool13 = head } else { break }
}

tmp13 = m13
if m13 #value < s13 #value {
    res13 = m13
    m13 = m13 #next
}
else {
    res13 = s13
    s13 = s13 #next
}
cur13 = res13
loop {
    if s13 == tmp13 {
        if m13 == e13 { break } else
        {     
            cur13 #next = m13
            m13 = m13 #next
        }
    }
    else
    {
        if m13 == e13
        {
            cur13 #next = s13
            s13 = s13 #next
        }
        else
        {
            if m13 #value < s13 #value
            {
                cur13 #next = m13
                m13 = m13 #next
            }
            else
            {
                cur13 #next = s13
                s13 = s13 #next
            }
        }
    }
}
cur13 #next = e13
}
if ps13 == nil { } else { ps13 #next = res13 }
if bool12 == nil { bool12 = head } else { break }
}

tmp12 = m12
if m12 #value < s12 #value {
    res12 = m12
    m12 = m12 #next
}
else {
    res12 = s12
    s12 = s12 #next
}
cur12 = res12
loop {
    if s12 == tmp12 {
        if m12 == e12 { break } else
        {     
            cur12 #next = m12
            m12 = m12 #next
        }
    }
    else
    {
        if m12 == e12
        {
            cur12 #next = s12
            s12 = s12 #next
        }
        else
        {
            if m12 #value < s12 #value
            {
                cur12 #next = m12
                m12 = m12 #next
            }
            else
            {
                cur12 #next = s12
                s12 = s12 #next
            }
        }
    }
}
cur12 #next = e12
}
if ps12 == nil { } else { ps12 #next = res12 }
if bool11 == nil { bool11 = head } else { break }
}

tmp11 = m11
if m11 #value < s11 #value {
    res11 = m11
    m11 = m11 #next
}
else {
    res11 = s11
    s11 = s11 #next
}
cur11 = res11
loop {
    if s11 == tmp11 {
        if m11 == e11 { break } else
        {     
            cur11 #next = m11
            m11 = m11 #next
        }
    }
    else
    {
        if m11 == e11
        {
            cur11 #next = s11
            s11 = s11 #next
        }
        else
        {
            if m11 #value < s11 #value
            {
                cur11 #next = m11
                m11 = m11 #next
            }
            else
            {
                cur11 #next = s11
                s11 = s11 #next
            }
        }
    }
}
cur11 #next = e11
}
if ps11 == nil { } else { ps11 #next = res11 }
if bool10 == nil { bool10 = head } else { break }
}

tmp10 = m10
if m10 #value < s10 #value {
    res10 = m10
    m10 = m10 #next
}
else {
    res10 = s10
    s10 = s10 #next
}
cur10 = res10
loop {
    if s10 == tmp10 {
        if m10 == e10 { break } else
        {     
            cur10 #next = m10
            m10 = m10 #next
        }
    }
    else
    {
        if m10 == e10
        {
            cur10 #next = s10
            s10 = s10 #next
        }
        else
        {
            if m10 #value < s10 #value
            {
                cur10 #next = m10
                m10 = m10 #next
            }
            else
            {
                cur10 #next = s10
                s10 = s10 #next
            }
        }
    }
}
cur10 #next = e10
}
if ps10 == nil { } else { ps10 #next = res10 }
if bool9 == nil { bool9 = head } else { break }
}

tmp9 = m9
if m9 #value < s9 #value {
    res9 = m9
    m9 = m9 #next
}
else {
    res9 = s9
    s9 = s9 #next
}
cur9 = res9
loop {
    if s9 == tmp9 {
        if m9 == e9 { break } else
        {     
            cur9 #next = m9
            m9 = m9 #next
        }
    }
    else
    {
        if m9 == e9
        {
            cur9 #next = s9
            s9 = s9 #next
        }
        else
        {
            if m9 #value < s9 #value
            {
                cur9 #next = m9
                m9 = m9 #next
            }
            else
            {
                cur9 #next = s9
                s9 = s9 #next
            }
        }
    }
}
cur9 #next = e9
}
if ps9 == nil { } else { ps9 #next = res9 }
if bool8 == nil { bool8 = head } else { break }
}

tmp8 = m8
if m8 #value < s8 #value {
    res8 = m8
    m8 = m8 #next
}
else {
    res8 = s8
    s8 = s8 #next
}
cur8 = res8
loop {
    if s8 == tmp8 {
        if m8 == e8 { break } else
        {     
            cur8 #next = m8
            m8 = m8 #next
        }
    }
    else
    {
        if m8 == e8
        {
            cur8 #next = s8
            s8 = s8 #next
        }
        else
        {
            if m8 #value < s8 #value
            {
                cur8 #next = m8
                m8 = m8 #next
            }
            else
            {
                cur8 #next = s8
                s8 = s8 #next
            }
        }
    }
}
cur8 #next = e8
}
if ps8 == nil { } else { ps8 #next = res8 }
if bool7 == nil { bool7 = head } else { break }
}

tmp7 = m7
if m7 #value < s7 #value {
    res7 = m7
    m7 = m7 #next
}
else {
    res7 = s7
    s7 = s7 #next
}
cur7 = res7
loop {
    if s7 == tmp7 {
        if m7 == e7 { break } else
        {     
            cur7 #next = m7
            m7 = m7 #next
        }
    }
    else
    {
        if m7 == e7
        {
            cur7 #next = s7
            s7 = s7 #next
        }
        else
        {
            if m7 #value < s7 #value
            {
                cur7 #next = m7
                m7 = m7 #next
            }
            else
            {
                cur7 #next = s7
                s7 = s7 #next
            }
        }
    }
}
cur7 #next = e7
}
if ps7 == nil { } else { ps7 #next = res7 }
if bool6 == nil { bool6 = head } else { break }
}

tmp6 = m6
if m6 #value < s6 #value {
    res6 = m6
    m6 = m6 #next
}
else {
    res6 = s6
    s6 = s6 #next
}
cur6 = res6
loop {
    if s6 == tmp6 {
        if m6 == e6 { break } else
        {     
            cur6 #next = m6
            m6 = m6 #next
        }
    }
    else
    {
        if m6 == e6
        {
            cur6 #next = s6
            s6 = s6 #next
        }
        else
        {
            if m6 #value < s6 #value
            {
                cur6 #next = m6
                m6 = m6 #next
            }
            else
            {
                cur6 #next = s6
                s6 = s6 #next
            }
        }
    }
}
cur6 #next = e6
}
if ps6 == nil { } else { ps6 #next = res6 }
if bool5 == nil { bool5 = head } else { break }
}

tmp5 = m5
if m5 #value < s5 #value {
    res5 = m5
    m5 = m5 #next
}
else {
    res5 = s5
    s5 = s5 #next
}
cur5 = res5
loop {
    if s5 == tmp5 {
        if m5 == e5 { break } else
        {     
            cur5 #next = m5
            m5 = m5 #next
        }
    }
    else
    {
        if m5 == e5
        {
            cur5 #next = s5
            s5 = s5 #next
        }
        else
        {
            if m5 #value < s5 #value
            {
                cur5 #next = m5
                m5 = m5 #next
            }
            else
            {
                cur5 #next = s5
                s5 = s5 #next
            }
        }
    }
}
cur5 #next = e5
}
if ps5 == nil { } else { ps5 #next = res5 }
if bool4 == nil { bool4 = head } else { break }
}

tmp4 = m4
if m4 #value < s4 #value {
    res4 = m4
    m4 = m4 #next
}
else {
    res4 = s4
    s4 = s4 #next
}
cur4 = res4
loop {
    if s4 == tmp4 {
        if m4 == e4 { break } else
        {     
            cur4 #next = m4
            m4 = m4 #next
        }
    }
    else
    {
        if m4 == e4
        {
            cur4 #next = s4
            s4 = s4 #next
        }
        else
        {
            if m4 #value < s4 #value
            {
                cur4 #next = m4
                m4 = m4 #next
            }
            else
            {
                cur4 #next = s4
                s4 = s4 #next
            }
        }
    }
}
cur4 #next = e4
}
if ps4 == nil { } else { ps4 #next = res4 }
if bool3 == nil { bool3 = head } else { break }
}

tmp3 = m3
if m3 #value < s3 #value {
    res3 = m3
    m3 = m3 #next
}
else {
    res3 = s3
    s3 = s3 #next
}
cur3 = res3
loop {
    if s3 == tmp3 {
        if m3 == e3 { break } else
        {     
            cur3 #next = m3
            m3 = m3 #next
        }
    }
    else
    {
        if m3 == e3
        {
            cur3 #next = s3
            s3 = s3 #next
        }
        else
        {
            if m3 #value < s3 #value
            {
                cur3 #next = m3
                m3 = m3 #next
            }
            else
            {
                cur3 #next = s3
                s3 = s3 #next
            }
        }
    }
}
cur3 #next = e3
}
if ps3 == nil { } else { ps3 #next = res3 }
if bool2 == nil { bool2 = head } else { break }
}

tmp2 = m2
if m2 #value < s2 #value {
    res2 = m2
    m2 = m2 #next
}
else {
    res2 = s2
    s2 = s2 #next
}
cur2 = res2
loop {
    if s2 == tmp2 {
        if m2 == e2 { break } else
        {     
            cur2 #next = m2
            m2 = m2 #next
        }
    }
    else
    {
        if m2 == e2
        {
            cur2 #next = s2
            s2 = s2 #next
        }
        else
        {
            if m2 #value < s2 #value
            {
                cur2 #next = m2
                m2 = m2 #next
            }
            else
            {
                cur2 #next = s2
                s2 = s2 #next
            }
        }
    }
}
cur2 #next = e2
}
if ps2 == nil { } else { ps2 #next = res2 }
if bool1 == nil { bool1 = head } else { break }
}

tmp1 = m1
if m1 #value < s1 #value {
    res1 = m1
    m1 = m1 #next
}
else {
    res1 = s1
    s1 = s1 #next
}
cur1 = res1
loop {
    if s1 == tmp1 {
        if m1 == e1 { break } else
        {     
            cur1 #next = m1
            m1 = m1 #next
        }
    }
    else
    {
        if m1 == e1
        {
            cur1 #next = s1
            s1 = s1 #next
        }
        else
        {
            if m1 #value < s1 #value
            {
                cur1 #next = m1
                m1 = m1 #next
            }
            else
            {
                cur1 #next = s1
                s1 = s1 #next
            }
        }
    }
}
cur1 #next = e1
}
 head = res1 
 }

